<?xml version="1.0" encoding="UTF-8"?>
<!-- Generated by org.testng.reporters.JUnitReportReporter -->
<testsuite hostname="DESKTOP-RSKECIT" failures="0" tests="3" name="practice.Priority" time="0.016" errors="0" timestamp="2022-08-13T08:54:42 IST" skipped="0">
  <testcase classname="practice.Priority" name="editContact" time="0.002"/>
  <system-out/>
  <testcase classname="practice.Priority" name="createContact" time="0.012"/>
  <system-out/>
  <testcase classname="practice.Priority" name="createSales" time="0.002"/>
  <system-out/>
</testsuite> <!-- practice.Priority -->
