<?xml version="1.0" encoding="UTF-8"?>
<!-- Generated by org.testng.reporters.JUnitReportReporter -->
<testsuite hostname="DESKTOP-RSKECIT" failures="0" tests="3" name="practice.Priority1" time="0.019" errors="0" timestamp="2022-08-13T09:01:26 IST" skipped="0">
  <testcase classname="practice.Priority1" name="createSales" time="0.014"/>
  <system-out/>
  <testcase classname="practice.Priority1" name="editContact" time="0.003"/>
  <system-out/>
  <testcase classname="practice.Priority1" name="createContact" time="0.002"/>
  <system-out/>
</testsuite> <!-- practice.Priority1 -->
