<?xml version="1.0" encoding="UTF-8"?>
<!-- Generated by org.testng.reporters.JUnitReportReporter -->
<testsuite hostname="DESKTOP-RSKECIT" failures="0" tests="1" name="practice.Screenshot" time="8.437" errors="0" timestamp="2022-08-18T17:28:52 IST" skipped="0">
  <testcase classname="practice.Screenshot" name="verifyLead" time="8.437"/>
  <system-out/>
</testsuite> <!-- practice.Screenshot -->
