<?xml version="1.0" encoding="UTF-8"?>
<!-- Generated by org.testng.reporters.JUnitReportReporter -->
<testsuite hostname="DESKTOP-RSKECIT" failures="0" tests="6" name="practice.InvocationPractice" time="0.024" errors="0" timestamp="2022-08-13T09:10:10 IST" skipped="0">
  <testcase classname="practice.InvocationPractice" name="createSales" time="0.013"/>
  <system-out/>
  <testcase classname="practice.InvocationPractice" name="editContact" time="0.002"/>
  <system-out/>
  <testcase classname="practice.InvocationPractice" name="editContact" time="0.003"/>
  <system-out/>
  <testcase classname="practice.InvocationPractice" name="editContact" time="0.002"/>
  <system-out/>
  <testcase classname="practice.InvocationPractice" name="createContact" time="0.002"/>
  <system-out/>
  <testcase classname="practice.InvocationPractice" name="createContact" time="0.002"/>
  <system-out/>
</testsuite> <!-- practice.InvocationPractice -->
