<?xml version="1.0" encoding="UTF-8"?>
<!-- Generated by org.testng.reporters.JUnitReportReporter -->
<testsuite hostname="DESKTOP-RSKECIT" failures="0" tests="3" name="practice.DependsPractice" time="0.019" errors="0" timestamp="2022-08-13T09:05:28 IST" skipped="0">
  <testcase classname="practice.DependsPractice" name="createContact" time="0.003"/>
  <system-out/>
  <testcase classname="practice.DependsPractice" name="editContact" time="0.001"/>
  <system-out/>
  <testcase classname="practice.DependsPractice" name="createSales" time="0.015"/>
  <system-out/>
</testsuite> <!-- practice.DependsPractice -->
