<?xml version="1.0" encoding="UTF-8"?>
<!-- Generated by org.testng.reporters.JUnitReportReporter -->
<testsuite hostname="DESKTOP-RSKECIT" failures="0" tests="1" name="com.Contactpom.ContactstoSalesTest" time="20.360" errors="0" timestamp="2022-08-23T15:51:00 IST" skipped="0">
  <testcase classname="com.Contactpom.ContactstoSalesTest" name="createContact" time="20.360"/>
  <system-out/>
</testsuite> <!-- com.Contactpom.ContactstoSalesTest -->
