<?xml version="1.0" encoding="UTF-8"?>
<!-- Generated by org.testng.reporters.JUnitReportReporter -->
<testsuite hostname="DESKTOP-RSKECIT" failures="0" tests="4" name="practice.BookTicket3D" time="0.023" errors="0" timestamp="2022-08-16T08:27:03 IST" skipped="0">
  <testcase classname="practice.BookTicket3D" name="book" time="0.003"/>
  <system-out/>
  <testcase classname="practice.BookTicket3D" name="book" time="0.015"/>
  <system-out/>
  <testcase classname="practice.BookTicket3D" name="book" time="0.002"/>
  <system-out/>
  <testcase classname="practice.BookTicket3D" name="book" time="0.003"/>
  <system-out/>
</testsuite> <!-- practice.BookTicket3D -->
