<?xml version="1.0" encoding="UTF-8"?>
<!-- Generated by org.testng.reporters.JUnitReportReporter -->
<testsuite hostname="DESKTOP-RSKECIT" failures="0" tests="4" name="practice.BookTicketPract1" time="0.042" errors="0" timestamp="2022-08-16T08:22:02 IST" skipped="0">
  <testcase classname="practice.BookTicketPract1" name="book" time="0.012"/>
  <system-out/>
  <testcase classname="practice.BookTicketPract1" name="book" time="0.016"/>
  <system-out/>
  <testcase classname="practice.BookTicketPract1" name="book" time="0.005"/>
  <system-out/>
  <testcase classname="practice.BookTicketPract1" name="book" time="0.009"/>
  <system-out/>
</testsuite> <!-- practice.BookTicketPract1 -->
