<?xml version="1.0" encoding="UTF-8"?>
<!-- Generated by org.testng.reporters.JUnitReportReporter -->
<testsuite hostname="DESKTOP-RSKECIT" failures="0" tests="2" name="com.leadpom.EditLead" time="41.054" errors="0" timestamp="2022-08-22T16:06:12 IST" skipped="0">
  <testcase classname="com.leadpom.EditLead" name="createLead" time="15.932"/>
  <system-out/>
  <testcase classname="com.leadpom.EditLead" name="editLead" time="25.122"/>
  <system-out/>
</testsuite> <!-- com.leadpom.EditLead -->
